<?xml version="1.0" encoding="UTF-8"?>
<!-- Generated by org.testng.reporters.JUnitReportReporter -->
<testsuite skipped="0" hostname="WINCTRL-CJSDREL" name="com.cyclos.tests.TestCase13Tests" tests="1" failures="0" timestamp="10 Mar 2019 17:45:44 GMT" time="48.420" errors="0">
  <testcase name="TC11" time="48.420" classname="com.cyclos.tests.TestCase13Tests"/>
</testsuite> <!-- com.cyclos.tests.TestCase13Tests -->
