<?xml version="1.0" encoding="UTF-8"?>
<!-- Generated by org.testng.reporters.JUnitReportReporter -->
<testsuite skipped="0" hostname="WINCTRL-CJSDREL" name="com.cyclos.tests.TestCase8Tests" tests="1" failures="0" timestamp="10 Mar 2019 12:16:43 GMT" time="14.227" errors="0">
  <testcase name="TC8" time="14.227" classname="com.cyclos.tests.TestCase8Tests"/>
</testsuite> <!-- com.cyclos.tests.TestCase8Tests -->
