<?xml version="1.0" encoding="UTF-8"?>
<!-- Generated by org.testng.reporters.JUnitReportReporter -->
<testsuite skipped="0" hostname="WINCTRL-CJSDREL" name="com.training.regression.tests.TestCase5Tests" tests="1" failures="0" timestamp="10 Mar 2019 03:46:37 GMT" time="22.898" errors="0">
  <testcase name="TC5" time="22.898" classname="com.training.regression.tests.TestCase5Tests"/>
</testsuite> <!-- com.training.regression.tests.TestCase5Tests -->
