<?xml version="1.0" encoding="UTF-8"?>
<!-- Generated by org.testng.reporters.JUnitReportReporter -->
<testsuite skipped="0" hostname="WINCTRL-CJSDREL" name="com.training.pom.TestCase4Tests" tests="1" failures="0" timestamp="09 Mar 2019 13:51:54 GMT" time="21.740" errors="0">
  <testcase name="TC4" time="21.740" classname="com.training.pom.TestCase4Tests"/>
</testsuite> <!-- com.training.pom.TestCase4Tests -->
