<?xml version="1.0" encoding="UTF-8"?>
<!-- Generated by org.testng.reporters.JUnitReportReporter -->
<testsuite skipped="0" hostname="WINCTRL-CJSDREL" name="com.cyclos.tests.TestCase12Tests" tests="1" failures="0" timestamp="10 Mar 2019 17:08:13 GMT" time="54.142" errors="0">
  <testcase name="TC11" time="54.142" classname="com.cyclos.tests.TestCase12Tests"/>
</testsuite> <!-- com.cyclos.tests.TestCase12Tests -->
