<?xml version="1.0" encoding="UTF-8"?>
<!-- Generated by org.testng.reporters.JUnitReportReporter -->
<testsuite skipped="0" hostname="WINCTRL-CJSDREL" name="com.cyclos.tests.TestCase2Tests" tests="1" failures="0" timestamp="09 Mar 2019 11:42:47 GMT" time="17.294" errors="0">
  <testcase name="TC2" time="17.294" classname="com.cyclos.tests.TestCase2Tests"/>
</testsuite> <!-- com.cyclos.tests.TestCase2Tests -->
