<?xml version="1.0" encoding="UTF-8"?>
<!-- Generated by org.testng.reporters.JUnitReportReporter -->
<testsuite skipped="0" hostname="WINCTRL-CJSDREL" name="com.cyclos.tests.TestCase1Tests" tests="1" failures="0" timestamp="09 Mar 2019 11:31:37 GMT" time="15.412" errors="0">
  <testcase name="TC1" time="15.412" classname="com.cyclos.tests.TestCase1Tests"/>
</testsuite> <!-- com.cyclos.tests.TestCase1Tests -->
