<?xml version="1.0" encoding="UTF-8"?>
<!-- Generated by org.testng.reporters.JUnitReportReporter -->
<testsuite skipped="0" hostname="WINCTRL-CJSDREL" name="com.cyclos.tests.TestCase10Test" tests="1" failures="0" timestamp="10 Mar 2019 15:36:40 GMT" time="30.299" errors="0">
  <testcase name="TC10" time="30.299" classname="com.cyclos.tests.TestCase10Test"/>
</testsuite> <!-- com.cyclos.tests.TestCase10Test -->
