<?xml version="1.0" encoding="UTF-8"?>
<!-- Generated by org.testng.reporters.JUnitReportReporter -->
<testsuite skipped="0" hostname="WINCTRL-CJSDREL" name="com.cyclos.tests.TestCase3Tests" tests="1" failures="0" timestamp="09 Mar 2019 13:10:41 GMT" time="21.222" errors="0">
  <testcase name="TC3" time="21.222" classname="com.cyclos.tests.TestCase3Tests"/>
</testsuite> <!-- com.cyclos.tests.TestCase3Tests -->
