<?xml version="1.0" encoding="UTF-8"?>
<!-- Generated by org.testng.reporters.JUnitReportReporter -->
<testsuite skipped="0" hostname="WINCTRL-CJSDREL" name="com.cyclos.tests.TestCase11Tests" tests="1" failures="0" timestamp="10 Mar 2019 16:38:12 GMT" time="20.605" errors="0">
  <testcase name="TC11" time="20.605" classname="com.cyclos.tests.TestCase11Tests"/>
</testsuite> <!-- com.cyclos.tests.TestCase11Tests -->
