<?xml version="1.0" encoding="UTF-8"?>
<!-- Generated by org.testng.reporters.JUnitReportReporter -->
<testsuite skipped="0" hostname="WINCTRL-CJSDREL" name="com.cyclos.tests.TestCase9Tests" tests="1" failures="0" timestamp="10 Mar 2019 12:52:32 GMT" time="27.712" errors="0">
  <testcase name="TC9" time="27.712" classname="com.cyclos.tests.TestCase9Tests"/>
</testsuite> <!-- com.cyclos.tests.TestCase9Tests -->
