<?xml version="1.0" encoding="UTF-8"?>
<!-- Generated by org.testng.reporters.JUnitReportReporter -->
<testsuite skipped="0" hostname="WINCTRL-CJSDREL" name="com.cyclos.tests.TestCase6Tests" tests="1" failures="0" timestamp="10 Mar 2019 10:51:18 GMT" time="33.512" errors="0">
  <testcase name="TC6" time="33.512" classname="com.cyclos.tests.TestCase6Tests"/>
</testsuite> <!-- com.cyclos.tests.TestCase6Tests -->
