<?xml version="1.0" encoding="UTF-8"?>
<!-- Generated by org.testng.reporters.JUnitReportReporter -->
<testsuite skipped="0" hostname="WINCTRL-CJSDREL" name="com.cyclos.tests.TestCase15Tests" tests="1" failures="0" timestamp="10 Mar 2019 18:29:42 GMT" time="22.108" errors="0">
  <testcase name="TC6" time="22.108" classname="com.cyclos.tests.TestCase15Tests"/>
</testsuite> <!-- com.cyclos.tests.TestCase15Tests -->
