<?xml version="1.0" encoding="UTF-8"?>
<!-- Generated by org.testng.reporters.JUnitReportReporter -->
<testsuite skipped="0" hostname="IBM442-PC0CPGQR" name="com.cyclos.tests.TestCase3Tests" tests="1" failures="0" timestamp="11 Mar 2019 16:18:53 GMT" time="36.102" errors="0">
  <testcase name="TC3" time="36.102" classname="com.cyclos.tests.TestCase3Tests"/>
</testsuite> <!-- com.cyclos.tests.TestCase3Tests -->
